This is pdfTeX, Version 3.141592653-2.6-1.40.27 (TeX Live 2025/Homebrew) (preloaded format=pdflatex 2025.3.15)  16 MAR 2026 06:07
entering extended mode
 restricted \write18 enabled.
 %&-line parsing enabled.
**fourier_paper.tex
(./fourier_paper.tex
LaTeX2e <2024-11-01> patch level 2
L3 programming layer <2025-01-18>

(/opt/homebrew/Cellar/texlive/20250308_1/share/texmf-dist/tex/latex/base/report
.cls
Document Class: report 2024/06/29 v1.4n Standard LaTeX document class

(/opt/homebrew/Cellar/texlive/20250308_1/share/texmf-dist/tex/latex/base/size12
.clo
File: size12.clo 2024/06/29 v1.4n Standard LaTeX file (size option)
)
\c@part=\count196
\c@chapter=\count197
\c@section=\count198
\c@subsection=\count199
\c@subsubsection=\count266
\c@paragraph=\count267
\c@subparagraph=\count268
\c@figure=\count269
\c@table=\count270
\abovecaptionskip=\skip49
\belowcaptionskip=\skip50
\bibindent=\dimen141
)
(/opt/homebrew/Cellar/texlive/20250308_1/share/texmf-dist/tex/latex/geometry/ge
ometry.sty
Package: geometry 2020/01/02 v5.9 Page Geometry

(/opt/homebrew/Cellar/texlive/20250308_1/share/texmf-dist/tex/latex/graphics/ke
yval.sty
Package: keyval 2022/05/29 v1.15 key=value parser (DPC)
\KV@toks@=\toks17
)
(/opt/homebrew/Cellar/texlive/20250308_1/share/texmf-dist/tex/generic/iftex/ifv
tex.sty
Package: ifvtex 2019/10/25 v1.7 ifvtex legacy package. Use iftex instead.

(/opt/homebrew/Cellar/texlive/20250308_1/share/texmf-dist/tex/generic/iftex/ift
ex.sty
Package: iftex 2024/12/12 v1.0g TeX engine tests
))
\Gm@cnth=\count271
\Gm@cntv=\count272
\c@Gm@tempcnt=\count273
\Gm@bindingoffset=\dimen142
\Gm@wd@mp=\dimen143
\Gm@odd@mp=\dimen144
\Gm@even@mp=\dimen145
\Gm@layoutwidth=\dimen146
\Gm@layoutheight=\dimen147
\Gm@layouthoffset=\dimen148
\Gm@layoutvoffset=\dimen149
\Gm@dimlist=\toks18
)
(/opt/homebrew/Cellar/texlive/20250308_1/share/texmf-dist/tex/latex/base/inpute
nc.sty
Package: inputenc 2024/02/08 v1.3d Input encoding file
\inpenc@prehook=\toks19
\inpenc@posthook=\toks20
)
(/opt/homebrew/Cellar/texlive/20250308_1/share/texmf-dist/tex/latex/amsfonts/am
sfonts.sty
Package: amsfonts 2013/01/14 v3.01 Basic AMSFonts support
\@emptytoks=\toks21
\symAMSa=\mathgroup4
\symAMSb=\mathgroup5
LaTeX Font Info:    Redeclaring math symbol \hbar on input line 98.
LaTeX Font Info:    Overwriting math alphabet `\mathfrak' in version `bold'
(Font)                  U/euf/m/n --> U/euf/b/n on input line 106.
)
(/opt/homebrew/Cellar/texlive/20250308_1/share/texmf-dist/tex/latex/amsmath/ams
math.sty
Package: amsmath 2024/11/05 v2.17t AMS math features
\@mathmargin=\skip51

For additional information on amsmath, use the `?' option.

(/opt/homebrew/Cellar/texlive/20250308_1/share/texmf-dist/tex/latex/amsmath/ams
text.sty
Package: amstext 2021/08/26 v2.01 AMS text

(/opt/homebrew/Cellar/texlive/20250308_1/share/texmf-dist/tex/latex/amsmath/ams
gen.sty
File: amsgen.sty 1999/11/30 v2.0 generic functions
\@emptytoks=\toks22
\ex@=\dimen150
))
(/opt/homebrew/Cellar/texlive/20250308_1/share/texmf-dist/tex/latex/amsmath/ams
bsy.sty
Package: amsbsy 1999/11/29 v1.2d Bold Symbols
\pmbraise@=\dimen151
)
(/opt/homebrew/Cellar/texlive/20250308_1/share/texmf-dist/tex/latex/amsmath/ams
opn.sty
Package: amsopn 2022/04/08 v2.04 operator names
)
\inf@bad=\count274
LaTeX Info: Redefining \frac on input line 233.
\uproot@=\count275
\leftroot@=\count276
LaTeX Info: Redefining \overline on input line 398.
LaTeX Info: Redefining \colon on input line 409.
\classnum@=\count277
\DOTSCASE@=\count278
LaTeX Info: Redefining \ldots on input line 495.
LaTeX Info: Redefining \dots on input line 498.
LaTeX Info: Redefining \cdots on input line 619.
\Mathstrutbox@=\box52
\strutbox@=\box53
LaTeX Info: Redefining \big on input line 721.
LaTeX Info: Redefining \Big on input line 722.
LaTeX Info: Redefining \bigg on input line 723.
LaTeX Info: Redefining \Bigg on input line 724.
\big@size=\dimen152
LaTeX Font Info:    Redeclaring font encoding OML on input line 742.
LaTeX Font Info:    Redeclaring font encoding OMS on input line 743.
\macc@depth=\count279
LaTeX Info: Redefining \bmod on input line 904.
LaTeX Info: Redefining \pmod on input line 909.
LaTeX Info: Redefining \smash on input line 939.
LaTeX Info: Redefining \relbar on input line 969.
LaTeX Info: Redefining \Relbar on input line 970.
\c@MaxMatrixCols=\count280
\dotsspace@=\muskip17
\c@parentequation=\count281
\dspbrk@lvl=\count282
\tag@help=\toks23
\row@=\count283
\column@=\count284
\maxfields@=\count285
\andhelp@=\toks24
\eqnshift@=\dimen153
\alignsep@=\dimen154
\tagshift@=\dimen155
\tagwidth@=\dimen156
\totwidth@=\dimen157
\lineht@=\dimen158
\@envbody=\toks25
\multlinegap=\skip52
\multlinetaggap=\skip53
\mathdisplay@stack=\toks26
LaTeX Info: Redefining \[ on input line 2953.
LaTeX Info: Redefining \] on input line 2954.
)
(/opt/homebrew/Cellar/texlive/20250308_1/share/texmf-dist/tex/latex/amsfonts/am
ssymb.sty
Package: amssymb 2013/01/14 v3.01 AMS font symbols
)
(/opt/homebrew/Cellar/texlive/20250308_1/share/texmf-dist/tex/latex/graphics/gr
aphicx.sty
Package: graphicx 2021/09/16 v1.2d Enhanced LaTeX Graphics (DPC,SPQR)

(/opt/homebrew/Cellar/texlive/20250308_1/share/texmf-dist/tex/latex/graphics/gr
aphics.sty
Package: graphics 2024/08/06 v1.4g Standard LaTeX Graphics (DPC,SPQR)

(/opt/homebrew/Cellar/texlive/20250308_1/share/texmf-dist/tex/latex/graphics/tr
ig.sty
Package: trig 2023/12/02 v1.11 sin cos tan (DPC)
)
(/opt/homebrew/Cellar/texlive/20250308_1/share/texmf-dist/tex/latex/graphics-cf
g/graphics.cfg
File: graphics.cfg 2016/06/04 v1.11 sample graphics configuration
)
Package graphics Info: Driver file: pdftex.def on input line 106.

(/opt/homebrew/Cellar/texlive/20250308_1/share/texmf-dist/tex/latex/graphics-de
f/pdftex.def
File: pdftex.def 2024/04/13 v1.2c Graphics/color driver for pdftex
))
\Gin@req@height=\dimen159
\Gin@req@width=\dimen160
)
(/opt/homebrew/Cellar/texlive/20250308_1/share/texmf-dist/tex/latex/commath/com
math.sty
(/opt/homebrew/Cellar/texlive/20250308_1/share/texmf-dist/tex/latex/base/ifthen
.sty
Package: ifthen 2024/03/16 v1.1e Standard LaTeX ifthen package (DPC)
))
(/opt/homebrew/Cellar/texlive/20250308_1/share/texmf-dist/tex/latex/setspace/se
tspace.sty
Package: setspace 2022/12/04 v6.7b set line spacing
)
(/opt/homebrew/Cellar/texlive/20250308_1/share/texmf-dist/tex/latex/mathtools/m
athtools.sty
Package: mathtools 2024/10/04 v1.31 mathematical typesetting tools

(/opt/homebrew/Cellar/texlive/20250308_1/share/texmf-dist/tex/latex/tools/calc.
sty
Package: calc 2023/07/08 v4.3 Infix arithmetic (KKT,FJ)
\calc@Acount=\count286
\calc@Bcount=\count287
\calc@Adimen=\dimen161
\calc@Bdimen=\dimen162
\calc@Askip=\skip54
\calc@Bskip=\skip55
LaTeX Info: Redefining \setlength on input line 80.
LaTeX Info: Redefining \addtolength on input line 81.
\calc@Ccount=\count288
\calc@Cskip=\skip56
)
(/opt/homebrew/Cellar/texlive/20250308_1/share/texmf-dist/tex/latex/mathtools/m
hsetup.sty
Package: mhsetup 2021/03/18 v1.4 programming setup (MH)
)
\g_MT_multlinerow_int=\count289
\l_MT_multwidth_dim=\dimen163
\origjot=\skip57
\l_MT_shortvdotswithinadjustabove_dim=\dimen164
\l_MT_shortvdotswithinadjustbelow_dim=\dimen165
\l_MT_above_intertext_sep=\dimen166
\l_MT_below_intertext_sep=\dimen167
\l_MT_above_shortintertext_sep=\dimen168
\l_MT_below_shortintertext_sep=\dimen169
\xmathstrut@box=\box54
\xmathstrut@dim=\dimen170
)
(/opt/homebrew/Cellar/texlive/20250308_1/share/texmf-dist/tex/latex/amscls/amst
hm.sty
Package: amsthm 2020/05/29 v2.20.6
\thm@style=\toks27
\thm@bodyfont=\toks28
\thm@headfont=\toks29
\thm@notefont=\toks30
\thm@headpunct=\toks31
\thm@preskip=\skip58
\thm@postskip=\skip59
\thm@headsep=\skip60
\dth@everypar=\toks32
)
(/opt/homebrew/Cellar/texlive/20250308_1/share/texmf-dist/tex/latex/hyperref/hy
perref.sty
Package: hyperref 2024-11-05 v7.01l Hypertext links for LaTeX

(/opt/homebrew/Cellar/texlive/20250308_1/share/texmf-dist/tex/latex/kvsetkeys/k
vsetkeys.sty
Package: kvsetkeys 2022-10-05 v1.19 Key value parser (HO)
)
(/opt/homebrew/Cellar/texlive/20250308_1/share/texmf-dist/tex/generic/kvdefinek
eys/kvdefinekeys.sty
Package: kvdefinekeys 2019-12-19 v1.6 Define keys (HO)
)
(/opt/homebrew/Cellar/texlive/20250308_1/share/texmf-dist/tex/generic/pdfescape
/pdfescape.sty
Package: pdfescape 2019/12/09 v1.15 Implements pdfTeX's escape features (HO)

(/opt/homebrew/Cellar/texlive/20250308_1/share/texmf-dist/tex/generic/ltxcmds/l
txcmds.sty
Package: ltxcmds 2023-12-04 v1.26 LaTeX kernel commands for general use (HO)
)
(/opt/homebrew/Cellar/texlive/20250308_1/share/texmf-dist/tex/generic/pdftexcmd
s/pdftexcmds.sty
Package: pdftexcmds 2020-06-27 v0.33 Utility functions of pdfTeX for LuaTeX (HO
)

(/opt/homebrew/Cellar/texlive/20250308_1/share/texmf-dist/tex/generic/infwarerr
/infwarerr.sty
Package: infwarerr 2019/12/03 v1.5 Providing info/warning/error messages (HO)
)
Package pdftexcmds Info: \pdf@primitive is available.
Package pdftexcmds Info: \pdf@ifprimitive is available.
Package pdftexcmds Info: \pdfdraftmode found.
))
(/opt/homebrew/Cellar/texlive/20250308_1/share/texmf-dist/tex/latex/hycolor/hyc
olor.sty
Package: hycolor 2020-01-27 v1.10 Color options for hyperref/bookmark (HO)
)
(/opt/homebrew/Cellar/texlive/20250308_1/share/texmf-dist/tex/latex/hyperref/na
meref.sty
Package: nameref 2023-11-26 v2.56 Cross-referencing by name of section

(/opt/homebrew/Cellar/texlive/20250308_1/share/texmf-dist/tex/latex/refcount/re
fcount.sty
Package: refcount 2019/12/15 v3.6 Data extraction from label references (HO)
)
(/opt/homebrew/Cellar/texlive/20250308_1/share/texmf-dist/tex/generic/gettitles
tring/gettitlestring.sty
Package: gettitlestring 2019/12/15 v1.6 Cleanup title references (HO)

(/opt/homebrew/Cellar/texlive/20250308_1/share/texmf-dist/tex/latex/kvoptions/k
voptions.sty
Package: kvoptions 2022-06-15 v3.15 Key value format for package options (HO)
))
\c@section@level=\count290
)
(/opt/homebrew/Cellar/texlive/20250308_1/share/texmf-dist/tex/latex/etoolbox/et
oolbox.sty
Package: etoolbox 2025/02/11 v2.5l e-TeX tools for LaTeX (JAW)
\etb@tempcnta=\count291
)
(/opt/homebrew/Cellar/texlive/20250308_1/share/texmf-dist/tex/generic/stringenc
/stringenc.sty
Package: stringenc 2019/11/29 v1.12 Convert strings between diff. encodings (HO
)
)
\@linkdim=\dimen171
\Hy@linkcounter=\count292
\Hy@pagecounter=\count293

(/opt/homebrew/Cellar/texlive/20250308_1/share/texmf-dist/tex/latex/hyperref/pd
1enc.def
File: pd1enc.def 2024-11-05 v7.01l Hyperref: PDFDocEncoding definition (HO)
Now handling font encoding PD1 ...
... no UTF-8 mapping file for font encoding PD1
)
(/opt/homebrew/Cellar/texlive/20250308_1/share/texmf-dist/tex/generic/intcalc/i
ntcalc.sty
Package: intcalc 2019/12/15 v1.3 Expandable calculations with integers (HO)
)
\Hy@SavedSpaceFactor=\count294

(/opt/homebrew/Cellar/texlive/20250308_1/share/texmf-dist/tex/latex/hyperref/pu
enc.def
File: puenc.def 2024-11-05 v7.01l Hyperref: PDF Unicode definition (HO)
Now handling font encoding PU ...
... no UTF-8 mapping file for font encoding PU
)
Package hyperref Info: Option `colorlinks' set `true' on input line 4040.
Package hyperref Info: Option `bookmarks' set `true' on input line 4040.
Package hyperref Info: Option `bookmarksnumbered' set `true' on input line 4040
.
Package hyperref Info: Hyper figures OFF on input line 4157.
Package hyperref Info: Link nesting OFF on input line 4162.
Package hyperref Info: Hyper index ON on input line 4165.
Package hyperref Info: Plain pages OFF on input line 4172.
Package hyperref Info: Backreferencing OFF on input line 4177.
Package hyperref Info: Implicit mode ON; LaTeX internals redefined.
Package hyperref Info: Bookmarks ON on input line 4424.
\c@Hy@tempcnt=\count295

(/opt/homebrew/Cellar/texlive/20250308_1/share/texmf-dist/tex/latex/url/url.sty
\Urlmuskip=\muskip18
Package: url 2013/09/16  ver 3.4  Verb mode for urls, etc.
)
LaTeX Info: Redefining \url on input line 4763.
\XeTeXLinkMargin=\dimen172

(/opt/homebrew/Cellar/texlive/20250308_1/share/texmf-dist/tex/generic/bitset/bi
tset.sty
Package: bitset 2019/12/09 v1.3 Handle bit-vector datatype (HO)

(/opt/homebrew/Cellar/texlive/20250308_1/share/texmf-dist/tex/generic/bigintcal
c/bigintcalc.sty
Package: bigintcalc 2019/12/15 v1.5 Expandable calculations on big integers (HO
)
))
\Fld@menulength=\count296
\Field@Width=\dimen173
\Fld@charsize=\dimen174
Package hyperref Info: Hyper figures OFF on input line 6042.
Package hyperref Info: Link nesting OFF on input line 6047.
Package hyperref Info: Hyper index ON on input line 6050.
Package hyperref Info: backreferencing OFF on input line 6057.
Package hyperref Info: Link coloring ON on input line 6060.
Package hyperref Info: Link coloring with OCG OFF on input line 6067.
Package hyperref Info: PDF/A mode OFF on input line 6072.

(/opt/homebrew/Cellar/texlive/20250308_1/share/texmf-dist/tex/latex/base/atbegs
hi-ltx.sty
Package: atbegshi-ltx 2021/01/10 v1.0c Emulation of the original atbegshi
package with kernel methods
)
\Hy@abspage=\count297
\c@Item=\count298
\c@Hfootnote=\count299
)
Package hyperref Info: Driver (autodetected): hpdftex.

(/opt/homebrew/Cellar/texlive/20250308_1/share/texmf-dist/tex/latex/hyperref/hp
dftex.def
File: hpdftex.def 2024-11-05 v7.01l Hyperref driver for pdfTeX

(/opt/homebrew/Cellar/texlive/20250308_1/share/texmf-dist/tex/latex/base/atvery
end-ltx.sty
Package: atveryend-ltx 2020/08/19 v1.0a Emulation of the original atveryend pac
kage
with kernel methods
)
\Fld@listcount=\count300
\c@bookmark@seq@number=\count301

(/opt/homebrew/Cellar/texlive/20250308_1/share/texmf-dist/tex/latex/rerunfilech
eck/rerunfilecheck.sty
Package: rerunfilecheck 2022-07-10 v1.10 Rerun checks for auxiliary files (HO)

(/opt/homebrew/Cellar/texlive/20250308_1/share/texmf-dist/tex/generic/uniquecou
nter/uniquecounter.sty
Package: uniquecounter 2019/12/15 v1.4 Provide unlimited unique counter (HO)
)
Package uniquecounter Info: New unique counter `rerunfilecheck' on input line 2
85.
)
\Hy@SectionHShift=\skip61
)
(/opt/homebrew/Cellar/texlive/20250308_1/share/texmf-dist/tex/latex/pgfplots/pg
fplots.sty
(/opt/homebrew/Cellar/texlive/20250308_1/share/texmf-dist/tex/generic/pgfplots/
pgfplots.revision.tex)
Package: pgfplots 2021/05/15 v1.18.1 Data Visualization (1.18.1)

(/opt/homebrew/Cellar/texlive/20250308_1/share/texmf-dist/tex/latex/pgf/fronten
dlayer/tikz.sty
(/opt/homebrew/Cellar/texlive/20250308_1/share/texmf-dist/tex/latex/pgf/basicla
yer/pgf.sty
(/opt/homebrew/Cellar/texlive/20250308_1/share/texmf-dist/tex/latex/pgf/utiliti
es/pgfrcs.sty
(/opt/homebrew/Cellar/texlive/20250308_1/share/texmf-dist/tex/generic/pgf/utili
ties/pgfutil-common.tex
\pgfutil@everybye=\toks33
\pgfutil@tempdima=\dimen175
\pgfutil@tempdimb=\dimen176
)
(/opt/homebrew/Cellar/texlive/20250308_1/share/texmf-dist/tex/generic/pgf/utili
ties/pgfutil-latex.def
\pgfutil@abb=\box55
)
(/opt/homebrew/Cellar/texlive/20250308_1/share/texmf-dist/tex/generic/pgf/utili
ties/pgfrcs.code.tex
(/opt/homebrew/Cellar/texlive/20250308_1/share/texmf-dist/tex/generic/pgf/pgf.r
evision.tex)
Package: pgfrcs 2023-01-15 v3.1.10 (3.1.10)
))
Package: pgf 2023-01-15 v3.1.10 (3.1.10)

(/opt/homebrew/Cellar/texlive/20250308_1/share/texmf-dist/tex/latex/pgf/basicla
yer/pgfcore.sty
(/opt/homebrew/Cellar/texlive/20250308_1/share/texmf-dist/tex/latex/pgf/systeml
ayer/pgfsys.sty
(/opt/homebrew/Cellar/texlive/20250308_1/share/texmf-dist/tex/generic/pgf/syste
mlayer/pgfsys.code.tex
Package: pgfsys 2023-01-15 v3.1.10 (3.1.10)

(/opt/homebrew/Cellar/texlive/20250308_1/share/texmf-dist/tex/generic/pgf/utili
ties/pgfkeys.code.tex
\pgfkeys@pathtoks=\toks34
\pgfkeys@temptoks=\toks35

(/opt/homebrew/Cellar/texlive/20250308_1/share/texmf-dist/tex/generic/pgf/utili
ties/pgfkeyslibraryfiltered.code.tex
\pgfkeys@tmptoks=\toks36
))
\pgf@x=\dimen177
\pgf@y=\dimen178
\pgf@xa=\dimen179
\pgf@ya=\dimen180
\pgf@xb=\dimen181
\pgf@yb=\dimen182
\pgf@xc=\dimen183
\pgf@yc=\dimen184
\pgf@xd=\dimen185
\pgf@yd=\dimen186
\w@pgf@writea=\write3
\r@pgf@reada=\read2
\c@pgf@counta=\count302
\c@pgf@countb=\count303
\c@pgf@countc=\count304
\c@pgf@countd=\count305
\t@pgf@toka=\toks37
\t@pgf@tokb=\toks38
\t@pgf@tokc=\toks39
\pgf@sys@id@count=\count306

(/opt/homebrew/Cellar/texlive/20250308_1/share/texmf-dist/tex/generic/pgf/syste
mlayer/pgf.cfg
File: pgf.cfg 2023-01-15 v3.1.10 (3.1.10)
)
Driver file for pgf: pgfsys-pdftex.def

(/opt/homebrew/Cellar/texlive/20250308_1/share/texmf-dist/tex/generic/pgf/syste
mlayer/pgfsys-pdftex.def
File: pgfsys-pdftex.def 2023-01-15 v3.1.10 (3.1.10)

(/opt/homebrew/Cellar/texlive/20250308_1/share/texmf-dist/tex/generic/pgf/syste
mlayer/pgfsys-common-pdf.def
File: pgfsys-common-pdf.def 2023-01-15 v3.1.10 (3.1.10)
)))
(/opt/homebrew/Cellar/texlive/20250308_1/share/texmf-dist/tex/generic/pgf/syste
mlayer/pgfsyssoftpath.code.tex
File: pgfsyssoftpath.code.tex 2023-01-15 v3.1.10 (3.1.10)
\pgfsyssoftpath@smallbuffer@items=\count307
\pgfsyssoftpath@bigbuffer@items=\count308
)
(/opt/homebrew/Cellar/texlive/20250308_1/share/texmf-dist/tex/generic/pgf/syste
mlayer/pgfsysprotocol.code.tex
File: pgfsysprotocol.code.tex 2023-01-15 v3.1.10 (3.1.10)
))
(/opt/homebrew/Cellar/texlive/20250308_1/share/texmf-dist/tex/latex/xcolor/xcol
or.sty
Package: xcolor 2024/09/29 v3.02 LaTeX color extensions (UK)

(/opt/homebrew/Cellar/texlive/20250308_1/share/texmf-dist/tex/latex/graphics-cf
g/color.cfg
File: color.cfg 2016/01/02 v1.6 sample color configuration
)
Package xcolor Info: Driver file: pdftex.def on input line 274.

(/opt/homebrew/Cellar/texlive/20250308_1/share/texmf-dist/tex/latex/graphics/ma
thcolor.ltx)
Package xcolor Info: Model `cmy' substituted by `cmy0' on input line 1349.
Package xcolor Info: Model `hsb' substituted by `rgb' on input line 1353.
Package xcolor Info: Model `RGB' extended on input line 1365.
Package xcolor Info: Model `HTML' substituted by `rgb' on input line 1367.
Package xcolor Info: Model `Hsb' substituted by `hsb' on input line 1368.
Package xcolor Info: Model `tHsb' substituted by `hsb' on input line 1369.
Package xcolor Info: Model `HSB' substituted by `hsb' on input line 1370.
Package xcolor Info: Model `Gray' substituted by `gray' on input line 1371.
Package xcolor Info: Model `wave' substituted by `hsb' on input line 1372.
)
(/opt/homebrew/Cellar/texlive/20250308_1/share/texmf-dist/tex/generic/pgf/basic
layer/pgfcore.code.tex
Package: pgfcore 2023-01-15 v3.1.10 (3.1.10)

(/opt/homebrew/Cellar/texlive/20250308_1/share/texmf-dist/tex/generic/pgf/math/
pgfmath.code.tex
(/opt/homebrew/Cellar/texlive/20250308_1/share/texmf-dist/tex/generic/pgf/math/
pgfmathutil.code.tex)
(/opt/homebrew/Cellar/texlive/20250308_1/share/texmf-dist/tex/generic/pgf/math/
pgfmathparser.code.tex
\pgfmath@dimen=\dimen187
\pgfmath@count=\count309
\pgfmath@box=\box56
\pgfmath@toks=\toks40
\pgfmath@stack@operand=\toks41
\pgfmath@stack@operation=\toks42
)
(/opt/homebrew/Cellar/texlive/20250308_1/share/texmf-dist/tex/generic/pgf/math/
pgfmathfunctions.code.tex)
(/opt/homebrew/Cellar/texlive/20250308_1/share/texmf-dist/tex/generic/pgf/math/
pgfmathfunctions.basic.code.tex)
(/opt/homebrew/Cellar/texlive/20250308_1/share/texmf-dist/tex/generic/pgf/math/
pgfmathfunctions.trigonometric.code.tex)
(/opt/homebrew/Cellar/texlive/20250308_1/share/texmf-dist/tex/generic/pgf/math/
pgfmathfunctions.random.code.tex)
(/opt/homebrew/Cellar/texlive/20250308_1/share/texmf-dist/tex/generic/pgf/math/
pgfmathfunctions.comparison.code.tex)
(/opt/homebrew/Cellar/texlive/20250308_1/share/texmf-dist/tex/generic/pgf/math/
pgfmathfunctions.base.code.tex)
(/opt/homebrew/Cellar/texlive/20250308_1/share/texmf-dist/tex/generic/pgf/math/
pgfmathfunctions.round.code.tex)
(/opt/homebrew/Cellar/texlive/20250308_1/share/texmf-dist/tex/generic/pgf/math/
pgfmathfunctions.misc.code.tex)
(/opt/homebrew/Cellar/texlive/20250308_1/share/texmf-dist/tex/generic/pgf/math/
pgfmathfunctions.integerarithmetics.code.tex)
(/opt/homebrew/Cellar/texlive/20250308_1/share/texmf-dist/tex/generic/pgf/math/
pgfmathcalc.code.tex)
(/opt/homebrew/Cellar/texlive/20250308_1/share/texmf-dist/tex/generic/pgf/math/
pgfmathfloat.code.tex
\c@pgfmathroundto@lastzeros=\count310
))
(/opt/homebrew/Cellar/texlive/20250308_1/share/texmf-dist/tex/generic/pgf/math/
pgfint.code.tex)
(/opt/homebrew/Cellar/texlive/20250308_1/share/texmf-dist/tex/generic/pgf/basic
layer/pgfcorepoints.code.tex
File: pgfcorepoints.code.tex 2023-01-15 v3.1.10 (3.1.10)
\pgf@picminx=\dimen188
\pgf@picmaxx=\dimen189
\pgf@picminy=\dimen190
\pgf@picmaxy=\dimen191
\pgf@pathminx=\dimen192
\pgf@pathmaxx=\dimen193
\pgf@pathminy=\dimen194
\pgf@pathmaxy=\dimen195
\pgf@xx=\dimen196
\pgf@xy=\dimen197
\pgf@yx=\dimen198
\pgf@yy=\dimen199
\pgf@zx=\dimen256
\pgf@zy=\dimen257
)
(/opt/homebrew/Cellar/texlive/20250308_1/share/texmf-dist/tex/generic/pgf/basic
layer/pgfcorepathconstruct.code.tex
File: pgfcorepathconstruct.code.tex 2023-01-15 v3.1.10 (3.1.10)
\pgf@path@lastx=\dimen258
\pgf@path@lasty=\dimen259
)
(/opt/homebrew/Cellar/texlive/20250308_1/share/texmf-dist/tex/generic/pgf/basic
layer/pgfcorepathusage.code.tex
File: pgfcorepathusage.code.tex 2023-01-15 v3.1.10 (3.1.10)
\pgf@shorten@end@additional=\dimen260
\pgf@shorten@start@additional=\dimen261
)
(/opt/homebrew/Cellar/texlive/20250308_1/share/texmf-dist/tex/generic/pgf/basic
layer/pgfcorescopes.code.tex
File: pgfcorescopes.code.tex 2023-01-15 v3.1.10 (3.1.10)
\pgfpic=\box57
\pgf@hbox=\box58
\pgf@layerbox@main=\box59
\pgf@picture@serial@count=\count311
)
(/opt/homebrew/Cellar/texlive/20250308_1/share/texmf-dist/tex/generic/pgf/basic
layer/pgfcoregraphicstate.code.tex
File: pgfcoregraphicstate.code.tex 2023-01-15 v3.1.10 (3.1.10)
\pgflinewidth=\dimen262
)
(/opt/homebrew/Cellar/texlive/20250308_1/share/texmf-dist/tex/generic/pgf/basic
layer/pgfcoretransformations.code.tex
File: pgfcoretransformations.code.tex 2023-01-15 v3.1.10 (3.1.10)
\pgf@pt@x=\dimen263
\pgf@pt@y=\dimen264
\pgf@pt@temp=\dimen265
)
(/opt/homebrew/Cellar/texlive/20250308_1/share/texmf-dist/tex/generic/pgf/basic
layer/pgfcorequick.code.tex
File: pgfcorequick.code.tex 2023-01-15 v3.1.10 (3.1.10)
)
(/opt/homebrew/Cellar/texlive/20250308_1/share/texmf-dist/tex/generic/pgf/basic
layer/pgfcoreobjects.code.tex
File: pgfcoreobjects.code.tex 2023-01-15 v3.1.10 (3.1.10)
)
(/opt/homebrew/Cellar/texlive/20250308_1/share/texmf-dist/tex/generic/pgf/basic
layer/pgfcorepathprocessing.code.tex
File: pgfcorepathprocessing.code.tex 2023-01-15 v3.1.10 (3.1.10)
)
(/opt/homebrew/Cellar/texlive/20250308_1/share/texmf-dist/tex/generic/pgf/basic
layer/pgfcorearrows.code.tex
File: pgfcorearrows.code.tex 2023-01-15 v3.1.10 (3.1.10)
\pgfarrowsep=\dimen266
)
(/opt/homebrew/Cellar/texlive/20250308_1/share/texmf-dist/tex/generic/pgf/basic
layer/pgfcoreshade.code.tex
File: pgfcoreshade.code.tex 2023-01-15 v3.1.10 (3.1.10)
\pgf@max=\dimen267
\pgf@sys@shading@range@num=\count312
\pgf@shadingcount=\count313
)
(/opt/homebrew/Cellar/texlive/20250308_1/share/texmf-dist/tex/generic/pgf/basic
layer/pgfcoreimage.code.tex
File: pgfcoreimage.code.tex 2023-01-15 v3.1.10 (3.1.10)
)
(/opt/homebrew/Cellar/texlive/20250308_1/share/texmf-dist/tex/generic/pgf/basic
layer/pgfcoreexternal.code.tex
File: pgfcoreexternal.code.tex 2023-01-15 v3.1.10 (3.1.10)
\pgfexternal@startupbox=\box60
)
(/opt/homebrew/Cellar/texlive/20250308_1/share/texmf-dist/tex/generic/pgf/basic
layer/pgfcorelayers.code.tex
File: pgfcorelayers.code.tex 2023-01-15 v3.1.10 (3.1.10)
)
(/opt/homebrew/Cellar/texlive/20250308_1/share/texmf-dist/tex/generic/pgf/basic
layer/pgfcoretransparency.code.tex
File: pgfcoretransparency.code.tex 2023-01-15 v3.1.10 (3.1.10)
)
(/opt/homebrew/Cellar/texlive/20250308_1/share/texmf-dist/tex/generic/pgf/basic
layer/pgfcorepatterns.code.tex
File: pgfcorepatterns.code.tex 2023-01-15 v3.1.10 (3.1.10)
)
(/opt/homebrew/Cellar/texlive/20250308_1/share/texmf-dist/tex/generic/pgf/basic
layer/pgfcorerdf.code.tex
File: pgfcorerdf.code.tex 2023-01-15 v3.1.10 (3.1.10)
)))
(/opt/homebrew/Cellar/texlive/20250308_1/share/texmf-dist/tex/generic/pgf/modul
es/pgfmoduleshapes.code.tex
File: pgfmoduleshapes.code.tex 2023-01-15 v3.1.10 (3.1.10)
\pgfnodeparttextbox=\box61
)
(/opt/homebrew/Cellar/texlive/20250308_1/share/texmf-dist/tex/generic/pgf/modul
es/pgfmoduleplot.code.tex
File: pgfmoduleplot.code.tex 2023-01-15 v3.1.10 (3.1.10)
)
(/opt/homebrew/Cellar/texlive/20250308_1/share/texmf-dist/tex/latex/pgf/compati
bility/pgfcomp-version-0-65.sty
Package: pgfcomp-version-0-65 2023-01-15 v3.1.10 (3.1.10)
\pgf@nodesepstart=\dimen268
\pgf@nodesepend=\dimen269
)
(/opt/homebrew/Cellar/texlive/20250308_1/share/texmf-dist/tex/latex/pgf/compati
bility/pgfcomp-version-1-18.sty
Package: pgfcomp-version-1-18 2023-01-15 v3.1.10 (3.1.10)
))
(/opt/homebrew/Cellar/texlive/20250308_1/share/texmf-dist/tex/latex/pgf/utiliti
es/pgffor.sty
(/opt/homebrew/Cellar/texlive/20250308_1/share/texmf-dist/tex/latex/pgf/utiliti
es/pgfkeys.sty
(/opt/homebrew/Cellar/texlive/20250308_1/share/texmf-dist/tex/generic/pgf/utili
ties/pgfkeys.code.tex))
(/opt/homebrew/Cellar/texlive/20250308_1/share/texmf-dist/tex/latex/pgf/math/pg
fmath.sty
(/opt/homebrew/Cellar/texlive/20250308_1/share/texmf-dist/tex/generic/pgf/math/
pgfmath.code.tex))
(/opt/homebrew/Cellar/texlive/20250308_1/share/texmf-dist/tex/generic/pgf/utili
ties/pgffor.code.tex
Package: pgffor 2023-01-15 v3.1.10 (3.1.10)
\pgffor@iter=\dimen270
\pgffor@skip=\dimen271
\pgffor@stack=\toks43
\pgffor@toks=\toks44
))
(/opt/homebrew/Cellar/texlive/20250308_1/share/texmf-dist/tex/generic/pgf/front
endlayer/tikz/tikz.code.tex
Package: tikz 2023-01-15 v3.1.10 (3.1.10)

(/opt/homebrew/Cellar/texlive/20250308_1/share/texmf-dist/tex/generic/pgf/libra
ries/pgflibraryplothandlers.code.tex
File: pgflibraryplothandlers.code.tex 2023-01-15 v3.1.10 (3.1.10)
\pgf@plot@mark@count=\count314
\pgfplotmarksize=\dimen272
)
\tikz@lastx=\dimen273
\tikz@lasty=\dimen274
\tikz@lastxsaved=\dimen275
\tikz@lastysaved=\dimen276
\tikz@lastmovetox=\dimen277
\tikz@lastmovetoy=\dimen278
\tikzleveldistance=\dimen279
\tikzsiblingdistance=\dimen280
\tikz@figbox=\box62
\tikz@figbox@bg=\box63
\tikz@tempbox=\box64
\tikz@tempbox@bg=\box65
\tikztreelevel=\count315
\tikznumberofchildren=\count316
\tikznumberofcurrentchild=\count317
\tikz@fig@count=\count318

(/opt/homebrew/Cellar/texlive/20250308_1/share/texmf-dist/tex/generic/pgf/modul
es/pgfmodulematrix.code.tex
File: pgfmodulematrix.code.tex 2023-01-15 v3.1.10 (3.1.10)
\pgfmatrixcurrentrow=\count319
\pgfmatrixcurrentcolumn=\count320
\pgf@matrix@numberofcolumns=\count321
)
\tikz@expandcount=\count322

(/opt/homebrew/Cellar/texlive/20250308_1/share/texmf-dist/tex/generic/pgf/front
endlayer/tikz/libraries/tikzlibrarytopaths.code.tex
File: tikzlibrarytopaths.code.tex 2023-01-15 v3.1.10 (3.1.10)
)))
(/opt/homebrew/Cellar/texlive/20250308_1/share/texmf-dist/tex/generic/pgfplots/
pgfplots.code.tex
(/opt/homebrew/Cellar/texlive/20250308_1/share/texmf-dist/tex/generic/pgfplots/
pgfplotscore.code.tex
\t@pgfplots@toka=\toks45
\t@pgfplots@tokb=\toks46
\t@pgfplots@tokc=\toks47
\pgfplots@tmpa=\dimen281
\c@pgfplots@coordindex=\count323
\c@pgfplots@scanlineindex=\count324

(/opt/homebrew/Cellar/texlive/20250308_1/share/texmf-dist/tex/generic/pgfplots/
sys/pgfplotssysgeneric.code.tex))
(/opt/homebrew/Cellar/texlive/20250308_1/share/texmf-dist/tex/generic/pgfplots/
libs/pgfplotslibrary.code.tex)
(/opt/homebrew/Cellar/texlive/20250308_1/share/texmf-dist/tex/generic/pgfplots/
oldpgfcompatib/pgfplotsoldpgfsupp_loader.code.tex
(/opt/homebrew/Cellar/texlive/20250308_1/share/texmf-dist/tex/generic/pgf/libra
ries/pgflibraryfpu.code.tex)
Package pgfplots: loading complementary utilities for your pgf version...
\t@pgf@toka=\toks48
\t@pgf@tokb=\toks49
\t@pgf@tokc=\toks50

(/opt/homebrew/Cellar/texlive/20250308_1/share/texmf-dist/tex/generic/pgfplots/
oldpgfcompatib/pgfplotsoldpgfsupp_pgfutil-common-lists.tex))
(/opt/homebrew/Cellar/texlive/20250308_1/share/texmf-dist/tex/generic/pgfplots/
util/pgfplotsutil.code.tex
(/opt/homebrew/Cellar/texlive/20250308_1/share/texmf-dist/tex/generic/pgfplots/
liststructure/pgfplotsliststructure.code.tex)
(/opt/homebrew/Cellar/texlive/20250308_1/share/texmf-dist/tex/generic/pgfplots/
liststructure/pgfplotsliststructureext.code.tex)
(/opt/homebrew/Cellar/texlive/20250308_1/share/texmf-dist/tex/generic/pgfplots/
liststructure/pgfplotsarray.code.tex
\c@pgfplotsarray@tmp=\count325
)
(/opt/homebrew/Cellar/texlive/20250308_1/share/texmf-dist/tex/generic/pgfplots/
liststructure/pgfplotsmatrix.code.tex)
(/opt/homebrew/Cellar/texlive/20250308_1/share/texmf-dist/tex/generic/pgfplots/
numtable/pgfplotstableshared.code.tex
\c@pgfplotstable@counta=\count326
\t@pgfplotstable@a=\toks51
)
(/opt/homebrew/Cellar/texlive/20250308_1/share/texmf-dist/tex/generic/pgfplots/
liststructure/pgfplotsdeque.code.tex)
(/opt/homebrew/Cellar/texlive/20250308_1/share/texmf-dist/tex/generic/pgfplots/
util/pgfplotsbinary.code.tex
(/opt/homebrew/Cellar/texlive/20250308_1/share/texmf-dist/tex/generic/pgfplots/
util/pgfplotsbinary.data.code.tex))
(/opt/homebrew/Cellar/texlive/20250308_1/share/texmf-dist/tex/generic/pgfplots/
util/pgfplotsutil.verb.code.tex)
(/opt/homebrew/Cellar/texlive/20250308_1/share/texmf-dist/tex/generic/pgfplots/
libs/pgflibrarypgfplots.surfshading.code.tex
\c@pgfplotslibrarysurf@no=\count327

(/opt/homebrew/Cellar/texlive/20250308_1/share/texmf-dist/tex/generic/pgfplots/
sys/pgflibrarypgfplots.surfshading.pgfsys-pdftex.def)))
(/opt/homebrew/Cellar/texlive/20250308_1/share/texmf-dist/tex/generic/pgfplots/
util/pgfplotscolormap.code.tex
(/opt/homebrew/Cellar/texlive/20250308_1/share/texmf-dist/tex/generic/pgfplots/
util/pgfplotscolor.code.tex))
(/opt/homebrew/Cellar/texlive/20250308_1/share/texmf-dist/tex/generic/pgfplots/
pgfplotsstackedplots.code.tex)
(/opt/homebrew/Cellar/texlive/20250308_1/share/texmf-dist/tex/generic/pgfplots/
pgfplotsplothandlers.code.tex
(/opt/homebrew/Cellar/texlive/20250308_1/share/texmf-dist/tex/generic/pgfplots/
pgfplotsmeshplothandler.code.tex
(/opt/homebrew/Cellar/texlive/20250308_1/share/texmf-dist/tex/generic/pgfplots/
pgfplotsmeshplotimage.code.tex)))
(/opt/homebrew/Cellar/texlive/20250308_1/share/texmf-dist/tex/generic/pgfplots/
pgfplots.scaling.code.tex)
(/opt/homebrew/Cellar/texlive/20250308_1/share/texmf-dist/tex/generic/pgfplots/
pgfplotscoordprocessing.code.tex)
(/opt/homebrew/Cellar/texlive/20250308_1/share/texmf-dist/tex/generic/pgfplots/
pgfplots.errorbars.code.tex)
(/opt/homebrew/Cellar/texlive/20250308_1/share/texmf-dist/tex/generic/pgfplots/
pgfplots.markers.code.tex)
(/opt/homebrew/Cellar/texlive/20250308_1/share/texmf-dist/tex/generic/pgfplots/
pgfplotsticks.code.tex)
(/opt/homebrew/Cellar/texlive/20250308_1/share/texmf-dist/tex/generic/pgfplots/
pgfplots.paths.code.tex)
(/opt/homebrew/Cellar/texlive/20250308_1/share/texmf-dist/tex/generic/pgf/front
endlayer/tikz/libraries/tikzlibrarydecorations.code.tex
(/opt/homebrew/Cellar/texlive/20250308_1/share/texmf-dist/tex/generic/pgf/modul
es/pgfmoduledecorations.code.tex
\pgfdecoratedcompleteddistance=\dimen282
\pgfdecoratedremainingdistance=\dimen283
\pgfdecoratedinputsegmentcompleteddistance=\dimen284
\pgfdecoratedinputsegmentremainingdistance=\dimen285
\pgf@decorate@distancetomove=\dimen286
\pgf@decorate@repeatstate=\count328
\pgfdecorationsegmentamplitude=\dimen287
\pgfdecorationsegmentlength=\dimen288
)
\tikz@lib@dec@box=\box66
)
(/opt/homebrew/Cellar/texlive/20250308_1/share/texmf-dist/tex/generic/pgf/front
endlayer/tikz/libraries/tikzlibrarydecorations.pathmorphing.code.tex
(/opt/homebrew/Cellar/texlive/20250308_1/share/texmf-dist/tex/generic/pgf/libra
ries/decorations/pgflibrarydecorations.pathmorphing.code.tex))
(/opt/homebrew/Cellar/texlive/20250308_1/share/texmf-dist/tex/generic/pgf/front
endlayer/tikz/libraries/tikzlibrarydecorations.pathreplacing.code.tex
(/opt/homebrew/Cellar/texlive/20250308_1/share/texmf-dist/tex/generic/pgf/libra
ries/decorations/pgflibrarydecorations.pathreplacing.code.tex))
(/opt/homebrew/Cellar/texlive/20250308_1/share/texmf-dist/tex/generic/pgfplots/
libs/tikzlibrarypgfplots.contourlua.code.tex)
\pgfplots@numplots=\count329
\pgfplots@xmin@reg=\dimen289
\pgfplots@xmax@reg=\dimen290
\pgfplots@ymin@reg=\dimen291
\pgfplots@ymax@reg=\dimen292
\pgfplots@zmin@reg=\dimen293
\pgfplots@zmax@reg=\dimen294
)
(/opt/homebrew/Cellar/texlive/20250308_1/share/texmf-dist/tex/generic/pgf/front
endlayer/tikz/libraries/tikzlibraryplotmarks.code.tex
File: tikzlibraryplotmarks.code.tex 2023-01-15 v3.1.10 (3.1.10)

(/opt/homebrew/Cellar/texlive/20250308_1/share/texmf-dist/tex/generic/pgf/libra
ries/pgflibraryplotmarks.code.tex
File: pgflibraryplotmarks.code.tex 2023-01-15 v3.1.10 (3.1.10)
)))
(/opt/homebrew/Cellar/texlive/20250308_1/share/texmf-dist/tex/latex/listings/li
stings.sty
\lst@mode=\count330
\lst@gtempboxa=\box67
\lst@token=\toks52
\lst@length=\count331
\lst@currlwidth=\dimen295
\lst@column=\count332
\lst@pos=\count333
\lst@lostspace=\dimen296
\lst@width=\dimen297
\lst@newlines=\count334
\lst@lineno=\count335
\lst@maxwidth=\dimen298

(/opt/homebrew/Cellar/texlive/20250308_1/share/texmf-dist/tex/latex/listings/ls
tpatch.sty
File: lstpatch.sty 2024/09/23 1.10c (Carsten Heinz)
)
(/opt/homebrew/Cellar/texlive/20250308_1/share/texmf-dist/tex/latex/listings/ls
tmisc.sty
File: lstmisc.sty 2024/09/23 1.10c (Carsten Heinz)
\c@lstnumber=\count336
\lst@skipnumbers=\count337
\lst@framebox=\box68
)
(/opt/homebrew/Cellar/texlive/20250308_1/share/texmf-dist/tex/latex/listings/li
stings.cfg
File: listings.cfg 2024/09/23 1.10c listings configuration
))
Package: listings 2024/09/23 1.10c (Carsten Heinz)

(/opt/homebrew/Cellar/texlive/20250308_1/share/texmf-dist/tex/latex/listings/ls
tlang1.sty
File: lstlang1.sty 2024/09/23 1.10c listings language file
)
\c@theorem=\count338
\c@corollary=\count339
\c@aside=\count340
\c@definition=\count341
\c@example=\count342

(/opt/homebrew/Cellar/texlive/20250308_1/share/texmf-dist/tex/latex/l3backend/l
3backend-pdftex.def
File: l3backend-pdftex.def 2024-05-08 L3 backend support: PDF output (pdfTeX)
\l__color_backend_stack_int=\count343
\l__pdf_internal_box=\box69
) (./fourier_paper.aux)
\openout1 = `fourier_paper.aux'.

LaTeX Font Info:    Checking defaults for OML/cmm/m/it on input line 77.
LaTeX Font Info:    ... okay on input line 77.
LaTeX Font Info:    Checking defaults for OMS/cmsy/m/n on input line 77.
LaTeX Font Info:    ... okay on input line 77.
LaTeX Font Info:    Checking defaults for OT1/cmr/m/n on input line 77.
LaTeX Font Info:    ... okay on input line 77.
LaTeX Font Info:    Checking defaults for T1/cmr/m/n on input line 77.
LaTeX Font Info:    ... okay on input line 77.
LaTeX Font Info:    Checking defaults for TS1/cmr/m/n on input line 77.
LaTeX Font Info:    ... okay on input line 77.
LaTeX Font Info:    Checking defaults for OMX/cmex/m/n on input line 77.
LaTeX Font Info:    ... okay on input line 77.
LaTeX Font Info:    Checking defaults for U/cmr/m/n on input line 77.
LaTeX Font Info:    ... okay on input line 77.
LaTeX Font Info:    Checking defaults for PD1/pdf/m/n on input line 77.
LaTeX Font Info:    ... okay on input line 77.
LaTeX Font Info:    Checking defaults for PU/pdf/m/n on input line 77.
LaTeX Font Info:    ... okay on input line 77.

*geometry* driver: auto-detecting
*geometry* detected driver: pdftex
*geometry* verbose mode - [ preamble ] result:
* driver: pdftex
* paper: a4paper
* layout: <same size as paper>
* layoutoffset:(h,v)=(0.0pt,0.0pt)
* modes: 
* h-part:(L,W,R)=(80.46446pt, 436.57895pt, 80.46446pt)
* v-part:(T,H,B)=(80.46446pt, 684.11792pt, 80.46446pt)
* \paperwidth=597.50787pt
* \paperheight=845.04684pt
* \textwidth=436.57895pt
* \textheight=684.11792pt
* \oddsidemargin=8.19447pt
* \evensidemargin=8.19447pt
* \topmargin=-28.80553pt
* \headheight=12.0pt
* \headsep=25.0pt
* \topskip=12.0pt
* \footskip=30.0pt
* \marginparwidth=35.0pt
* \marginparsep=10.0pt
* \columnsep=10.0pt
* \skip\footins=10.8pt plus 4.0pt minus 2.0pt
* \hoffset=0.0pt
* \voffset=0.0pt
* \mag=1000
* \@twocolumnfalse
* \@twosidefalse
* \@mparswitchfalse
* \@reversemarginfalse
* (1in=72.27pt=25.4mm, 1cm=28.453pt)


(/opt/homebrew/Cellar/texlive/20250308_1/share/texmf-dist/tex/context/base/mkii
/supp-pdf.mkii
[Loading MPS to PDF converter (version 2006.09.02).]
\scratchcounter=\count344
\scratchdimen=\dimen299
\scratchbox=\box70
\nofMPsegments=\count345
\nofMParguments=\count346
\everyMPshowfont=\toks53
\MPscratchCnt=\count347
\MPscratchDim=\dimen300
\MPnumerator=\count348
\makeMPintoPDFobject=\count349
\everyMPtoPDFconversion=\toks54
)
(/opt/homebrew/Cellar/texlive/20250308_1/share/texmf-dist/tex/latex/epstopdf-pk
g/epstopdf-base.sty
Package: epstopdf-base 2020-01-24 v2.11 Base part for package epstopdf
Package epstopdf-base Info: Redefining graphics rule for `.eps' on input line 4
85.

(/opt/homebrew/Cellar/texlive/20250308_1/share/texmf-dist/tex/latex/latexconfig
/epstopdf-sys.cfg
File: epstopdf-sys.cfg 2010/07/13 v1.3 Configuration of (r)epstopdf for TeX Liv
e
))
Package hyperref Info: Link coloring ON on input line 77.
 (./fourier_paper.out) (./fourier_paper.out)
\@outlinefile=\write4
\openout4 = `fourier_paper.out'.



Package pgfplots Warning: running in backwards compatibility mode (unsuitable t
ick labels; missing features). Consider writing \pgfplotsset{compat=1.18} into 
your preamble.
 on input line 77.

\c@lstlisting=\count350
<../assets/f01_title_epicycle.png, id=380, 292.2117pt x 416.9979pt>
File: ../assets/f01_title_epicycle.png Graphic file (type png)
<use ../assets/f01_title_epicycle.png>
Package pdftex.def Info: ../assets/f01_title_epicycle.png  used on input line 8
6.
(pdftex.def)             Requested size: 240.11975pt x 342.66585pt.


[1

{/opt/homebrew/Cellar/texlive/20250308_1/share/texmf-dist/fonts/map/pdftex/updm
ap/pdftex.map} <../assets/f01_title_epicycle.png>] (./fourier_paper.toc
LaTeX Font Info:    Trying to load font information for U+msa on input line 1.

(/opt/homebrew/Cellar/texlive/20250308_1/share/texmf-dist/tex/latex/amsfonts/um
sa.fd
File: umsa.fd 2013/01/14 v3.01 AMS symbols A
)
LaTeX Font Info:    Trying to load font information for U+msb on input line 1.

(/opt/homebrew/Cellar/texlive/20250308_1/share/texmf-dist/tex/latex/amsfonts/um
sb.fd
File: umsb.fd 2013/01/14 v3.01 AMS symbols B
)


pdfTeX warning (ext4): destination with the same identifier (name{page.1}) has 
been already used, duplicate ignored
<to be read again> 
                   \relax 
l.80 ...}Lens II: Complex Analysis}{53}{chapter.4}
                                                  % [1

]

[2])
\tf@toc=\write5
\openout5 = `fourier_paper.toc'.



[3]

[4]
Chapter 1.


[5

]
<../assets/f08_heat_plate.pdf, id=530, 384.86871pt x 350.13316pt>
File: ../assets/f08_heat_plate.pdf Graphic file (type pdf)
<use ../assets/f08_heat_plate.pdf>
Package pdftex.def Info: ../assets/f08_heat_plate.pdf  used on input line 159.
(pdftex.def)             Requested size: 305.60393pt x 278.03932pt.


[6 <../assets/f08_heat_plate.pdf>]

[7]
Overfull \hbox (43.9992pt too wide) in paragraph at lines 217--218
[]\OT1/cmr/m/n/12 The con-stant $\OML/cmm/m/it/12 ^^U$ \OT1/cmr/m/n/12 is an \O
T1/cmr/m/it/12 eigen-value\OT1/cmr/m/n/12 , and the so-lu-tions $\OML/cmm/m/it/
12 X$ \OT1/cmr/m/n/12 and $\OML/cmm/m/it/12 Y$ \OT1/cmr/m/n/12 are \OT1/cmr/m/i
t/12 eigen-func-tions\OT1/cmr/m/n/12 |terminology
 []



[8]
Overfull \hbox (37.33496pt too wide) detected at line 304
[]
 []



[9]

[10{/opt/homebrew/Cellar/texlive/20250308_1/share/texmf-dist/fonts/enc/dvips/cm
-super/cm-super-ts1.enc}]

[11]
Overfull \hbox (52.87868pt too wide) detected at line 388
[][][]\OML/cmm/m/it/12 W\OT1/cmr/m/n/12 ([](\OML/cmm/m/it/12 ny\OT1/cmr/m/n/12 
)\OML/cmm/m/it/12 ; []\OT1/cmr/m/n/12 (\OML/cmm/m/it/12 my\OT1/cmr/m/n/12 ))(\O
ML/cmm/m/it/12 y\OT1/cmr/m/n/12 ) = [] [] = \OML/cmm/m/it/12 m []\OT1/cmr/m/n/1
2 (\OML/cmm/m/it/12 ny\OT1/cmr/m/n/12 ) [](\OML/cmm/m/it/12 my\OT1/cmr/m/n/12 )
 \OMS/cmsy/m/n/12 ^^@ \OML/cmm/m/it/12 n []\OT1/cmr/m/n/12 (\OML/cmm/m/it/12 ny
\OT1/cmr/m/n/12 ) [](\OML/cmm/m/it/12 my\OT1/cmr/m/n/12 )
 []


Overfull \hbox (0.10864pt too wide) in paragraph at lines 409--410
 []\OT1/cmr/bx/n/12 Construction via the Wron-skian.[] \OT1/cmr/m/n/12 For a se
cond-order op-er-a-tor $\OML/cmm/m/it/12 L \OT1/cmr/m/n/12 = [] + \OML/cmm/m/it
/12 p\OT1/cmr/m/n/12 (\OML/cmm/m/it/12 x\OT1/cmr/m/n/12 )[] +
 []



[12]
Overfull \hbox (11.14072pt too wide) in paragraph at lines 432--433
 []\OT1/cmr/bx/n/12 Worked ex-am-ple: Fourier's rod.[] \OT1/cmr/m/n/12 Con-side
r the steady-state heat equa-tion $\OMS/cmsy/m/n/12 ^^@\OML/cmm/m/it/12 u[]\OT1
/cmr/m/n/12 (\OML/cmm/m/it/12 y\OT1/cmr/m/n/12 ) =
 []



[13]

[14]
<../assets/f02_partial_sums.pdf, id=724, 442.88861pt x 304.01183pt>
File: ../assets/f02_partial_sums.pdf Graphic file (type pdf)
<use ../assets/f02_partial_sums.pdf>
Package pdftex.def Info: ../assets/f02_partial_sums.pdf  used on input line 497
.
(pdftex.def)             Requested size: 349.26448pt x 239.7492pt.


[15 <../assets/f02_partial_sums.pdf>]

[16]

[17]
Chapter 2.
<../assets/f03_projection.pdf, id=775, 332.03674pt x 244.96599pt>
File: ../assets/f03_projection.pdf Graphic file (type pdf)
<use ../assets/f03_projection.pdf>
Package pdftex.def Info: ../assets/f03_projection.pdf  used on input line 562.
(pdftex.def)             Requested size: 261.95003pt x 193.25934pt.


[18

 <../assets/f03_projection.pdf>]
<../assets/f04_function_as_vector.pdf, id=806, 561.5379pt x 236.3229pt>
File: ../assets/f04_function_as_vector.pdf Graphic file (type pdf)
<use ../assets/f04_function_as_vector.pdf>
Package pdftex.def Info: ../assets/f04_function_as_vector.pdf  used on input li
ne 637.
(pdftex.def)             Requested size: 261.95003pt x 110.24239pt.


[19]

[20 <../assets/f04_function_as_vector.pdf>]

[21]

[22]

[23]

[24]
Underfull \hbox (badness 10000) in paragraph at lines 909--910

 []



[25]
Underfull \hbox (badness 10000) in paragraph at lines 948--949

 []



[26]

[27]

[28]
! Extra }, or forgotten $.
<argument> ...idt for $\{1, x, x^2\}$ on $[-1, 1)}
                                                  
l.1057 ...-Schmidt for $\{1, x, x^2\}$ on $[-1, 1]
                                                  $]
I've deleted a group-closing symbol because it seems to be
spurious, as in `$x}$'. But perhaps the } is legitimate and
you forgot something else, as in `\hbox{$x}'. In such cases
the way to recover is to insert both the forgotten and the
deleted material, e.g., by typing `I$}'.

! Missing $ inserted.
<inserted text> 
                $
l.1057 ...-Schmidt for $\{1, x, x^2\}$ on $[-1, 1]
                                                  $]
I've inserted a begin-math/end-math symbol since I think
you left one out. Proceed, with fingers crossed.

! Missing } inserted.
<inserted text> 
                }
l.1057 ...-Schmidt for $\{1, x, x^2\}$ on $[-1, 1]
                                                  $]
I've inserted something that you may have forgotten.
(See the <inserted text> above.)
With luck, this will get me unwedged. But if you
really didn't forget anything, try typing `2' now; then
my insertion and my current dilemma will both disappear.

! Missing $ inserted.
<inserted text> 
                $
l.1058 ...ng the unweighted inner product $\langle
                                                   f, g \rangle = \int_{-1}^...
I've inserted a begin-math/end-math symbol since I think
you left one out. Proceed, with fingers crossed.


Overfull \hbox (11.91127pt too wide) in paragraph at lines 1057--1059
[]$\OT1/cmr/m/n/12 ]\OML/cmm/m/it/12 Usingtheunweightedinnerproduct$$\OMS/cmsy/
m/n/12 h\OML/cmm/m/it/12 f; g\OMS/cmsy/m/n/12 i \OT1/cmr/m/n/12 = [][] \OML/cmm
/m/it/12 f\OT1/cmr/m/n/12 (\OML/cmm/m/it/12 x\OT1/cmr/m/n/12 )\OML/cmm/m/it/12 
g\OT1/cmr/m/n/12 (\OML/cmm/m/it/12 x\OT1/cmr/m/n/12 ) [] \OML/cmm/m/it/12 x$\OT
1/cmr/m/n/12 , we or-thog-o-nal-ize the mono-
 []


Overfull \hbox (0.17355pt too wide) in paragraph at lines 1069--1070
 []\OT1/cmr/bx/n/12 Explicit Gram-Schmidt.[] \OT1/cmr/m/n/12 Start-ing from $[]
(\OML/cmm/m/it/12 x\OT1/cmr/m/n/12 ) = 1$ and nor-mal-iz-ing so that $\OML/cmm/
m/it/12 P[]\OT1/cmr/m/n/12 (1) =
 []



[29]
Overfull \hbox (77.7331pt too wide) in paragraph at lines 1122--1123
 []\OT1/cmr/bx/n/12 Gram-Schmidt with Gaus-sian weight.[] \OT1/cmr/m/n/12 De-fi
ne the in-ner prod-uct $\OMS/cmsy/m/n/12 h\OML/cmm/m/it/12 f; g\OMS/cmsy/m/n/12
 i[] \OT1/cmr/m/n/12 = [][] \OML/cmm/m/it/12 f\OT1/cmr/m/n/12 (\OML/cmm/m/it/12
 x\OT1/cmr/m/n/12 )\OML/cmm/m/it/12 g\OT1/cmr/m/n/12 (\OML/cmm/m/it/12 x\OT1/cm
r/m/n/12 )\OML/cmm/m/it/12 e[] [] x$\OT1/cmr/m/n/12 .
 []



[30]
Overfull \hbox (30.15437pt too wide) in paragraph at lines 1162--1163
 []\OT1/cmr/bx/n/12 Eigenfunctions of the Fourier trans-form.[] \OT1/cmr/m/n/12
 The Her-mite func-tions $\OML/cmm/m/it/12  []\OT1/cmr/m/n/12 (\OML/cmm/m/it/12
 x\OT1/cmr/m/n/12 ) = \OML/cmm/m/it/12 H[]\OT1/cmr/m/n/12 (\OML/cmm/m/it/12 x\O
T1/cmr/m/n/12 )\OML/cmm/m/it/12 e[]$
 []



[31]
<../assets/f25_hermite_eigenfunctions.pdf, id=1030, 638.8079pt x 420.25005pt>
File: ../assets/f25_hermite_eigenfunctions.pdf Graphic file (type pdf)
<use ../assets/f25_hermite_eigenfunctions.pdf>
Package pdftex.def Info: ../assets/f25_hermite_eigenfunctions.pdf  used on inpu
t line 1176.
(pdftex.def)             Requested size: 371.09476pt x 244.13635pt.

Overfull \hbox (4.00935pt too wide) in paragraph at lines 1186--1197
 [] 
 []



[32 <../assets/f25_hermite_eigenfunctions.pdf>]

Package hyperref Warning: Token not allowed in a PDF string (Unicode):
(hyperref)                removing `math shift' on input line 1201.


Package hyperref Warning: Token not allowed in a PDF string (Unicode):
(hyperref)                removing `\leftrightarrow' on input line 1201.


Package hyperref Warning: Token not allowed in a PDF string (Unicode):
(hyperref)                removing `math shift' on input line 1201.


Package hyperref Warning: Token not allowed in a PDF string (Unicode):
(hyperref)                removing `math shift' on input line 1201.


Package hyperref Warning: Token not allowed in a PDF string (Unicode):
(hyperref)                removing `\leftrightarrow' on input line 1201.


Package hyperref Warning: Token not allowed in a PDF string (Unicode):
(hyperref)                removing `math shift' on input line 1201.


Overfull \hbox (3.27522pt too wide) in paragraph at lines 1204--1205
\OT1/cmr/m/n/12 These eigen-bases di-ag-o-nal-ize dif-fer-ent op-er-a-tors, and
 mov-ing be-tween them is a \OT1/cmr/bx/n/12 change
 []



[33]

[34]
<../assets/f24_runge_phenomenon.pdf, id=1092, 706.0779pt x 314.01315pt>
File: ../assets/f24_runge_phenomenon.pdf Graphic file (type pdf)
<use ../assets/f24_runge_phenomenon.pdf>
Package pdftex.def Info: ../assets/f24_runge_phenomenon.pdf  used on input line
 1263.
(pdftex.def)             Requested size: 371.09476pt x 165.03665pt.


[35 <../assets/f24_runge_phenomenon.pdf>]
Overfull \hbox (28.06816pt too wide) in paragraph at lines 1312--1313
 []\OT1/cmr/bx/n/12 Gauss-Chebyshev.[] \OT1/cmr/m/n/12 With $\OML/cmm/m/it/12 w
\OT1/cmr/m/n/12 (\OML/cmm/m/it/12 x\OT1/cmr/m/n/12 ) = 1\OML/cmm/m/it/12 =[]$ \
OT1/cmr/m/n/12 on $[\OMS/cmsy/m/n/12 ^^@\OT1/cmr/m/n/12 1\OML/cmm/m/it/12 ; \OT
1/cmr/m/n/12 1]$, the nodes are $\OML/cmm/m/it/12 x[] \OT1/cmr/m/n/12 = [] []$,

 []



[36]

[37]
Overfull \hbox (1.88112pt too wide) in paragraph at lines 1370--1371
[]\OT1/cmr/m/n/12 Given the defin-ing ax-ioms (con-ju-gate
 []



[38]

Package hyperref Warning: Token not allowed in a PDF string (Unicode):
(hyperref)                removing `math shift' on input line 1440.


Package hyperref Warning: Token not allowed in a PDF string (Unicode):
(hyperref)                removing `superscript' on input line 1440.


Package hyperref Warning: Token not allowed in a PDF string (Unicode):
(hyperref)                removing `math shift' on input line 1440.



[39]
Overfull \hbox (3.25052pt too wide) in paragraph at lines 1500--1501
[]\OT1/cmr/m/n/12 The sine trans-form arises for odd func-tions or Dirich-let b
ound-ary con-di-tions ($\OML/cmm/m/it/12 f\OT1/cmr/m/n/12 (0) =
 []



[40]

[41]

[42]
<../assets/f11_parseval.pdf, id=1253, 706.0779pt x 272.4579pt>
File: ../assets/f11_parseval.pdf Graphic file (type pdf)
<use ../assets/f11_parseval.pdf>
Package pdftex.def Info: ../assets/f11_parseval.pdf  used on input line 1624.
(pdftex.def)             Requested size: 305.60393pt x 117.9237pt.


[43]

[44 <../assets/f11_parseval.pdf>]
<../assets/f09_gibbs.pdf, id=1317, 498.89787pt x 303.28958pt>
File: ../assets/f09_gibbs.pdf Graphic file (type pdf)
<use ../assets/f09_gibbs.pdf>
Package pdftex.def Info: ../assets/f09_gibbs.pdf  used on input line 1668.
(pdftex.def)             Requested size: 349.26448pt x 212.33365pt.
<../assets/f10_fejer_vs_partial.pdf, id=1318, 706.0779pt x 272.4579pt>
File: ../assets/f10_fejer_vs_partial.pdf Graphic file (type pdf)
<use ../assets/f10_fejer_vs_partial.pdf>
Package pdftex.def Info: ../assets/f10_fejer_vs_partial.pdf  used on input line
 1675.
(pdftex.def)             Requested size: 349.26448pt x 134.77351pt.


[45 <../assets/f09_gibbs.pdf> <../assets/f10_fejer_vs_partial.pdf>]

[46]
Chapter 3.


[47

]

[48]

[49]

[50]
Overfull \hbox (27.94267pt too wide) in paragraph at lines 1887--1888
\OT1/cmr/m/n/12 The fast al-go-rithms|FFT, FCT, FLT|make these con-ver-sions $\
OML/cmm/m/it/12 O\OT1/cmr/m/n/12 (\OML/cmm/m/it/12 N [] N\OT1/cmr/m/n/12 )$ or 
$\OML/cmm/m/it/12 O\OT1/cmr/m/n/12 (\OML/cmm/m/it/12 N [][] N\OT1/cmr/m/n/12 )$
.
 []



[51]

[52]
Chapter 4.

Overfull \hbox (9.2801pt too wide) detected at line 1924
[]
 []



[53

]

Package hyperref Warning: Difference (2) between bookmark levels is greater 
(hyperref)                than one, level fixed on input line 1950.



[54]
Overfull \hbox (16.91434pt too wide) detected at line 1975
[][][]\OML/cmm/m/it/12 f[]\OT1/cmr/m/n/12 (\OML/cmm/m/it/12 z[]\OT1/cmr/m/n/12 
) = [] [] + \OML/cmm/m/it/12 i [] \OT1/cmr/m/n/12 = [] + \OML/cmm/m/it/12 v[] \
OT1/cmr/m/n/12 = \OML/cmm/m/it/12 v[] \OMS/cmsy/m/n/12 ^^@ \OML/cmm/m/it/12 iu[
]
 []



[55]

[56]

[57]
<../assets/f12_laurent_annulus.pdf, id=1523, 416.31061pt x 388.09479pt>
File: ../assets/f12_laurent_annulus.pdf Graphic file (type pdf)
<use ../assets/f12_laurent_annulus.pdf>
Package pdftex.def Info: ../assets/f12_laurent_annulus.pdf  used on input line 
2110.
(pdftex.def)             Requested size: 218.28947pt x 203.49817pt.


[58]
<../assets/f13_laurent_to_fourier.pdf, id=1536, 673.84444pt x 314.01315pt>
File: ../assets/f13_laurent_to_fourier.pdf Graphic file (type pdf)
<use ../assets/f13_laurent_to_fourier.pdf>
Package pdftex.def Info: ../assets/f13_laurent_to_fourier.pdf  used on input li
ne 2144.
(pdftex.def)             Requested size: 349.26448pt x 162.76071pt.


[59 <../assets/f12_laurent_annulus.pdf>]
Overfull \hbox (11.65514pt too wide) in paragraph at lines 2153--2154
 []\OT1/cmr/bx/n/12 The Pois-son ker-nel.[] \OT1/cmr/m/n/12 For $0 \OMS/cmsy/m/
n/12 ^^T \OML/cmm/m/it/12 r < \OT1/cmr/m/n/12 1$, the Abel-summed Fourier se-ri
es $[][] \OML/cmm/m/it/12 r[]c[]e[]$
 []



[60 <../assets/f13_laurent_to_fourier.pdf>]
<../assets/f14_analyticity_strip.pdf, id=1637, 628.91689pt x 301.14375pt>
File: ../assets/f14_analyticity_strip.pdf Graphic file (type pdf)
<use ../assets/f14_analyticity_strip.pdf>
Package pdftex.def Info: ../assets/f14_analyticity_strip.pdf  used on input lin
e 2174.
(pdftex.def)             Requested size: 371.09476pt x 177.69165pt.


[61 <../assets/f14_analyticity_strip.pdf>]

[62]

[63]

[64]
Chapter 5.
<../assets/f05_inner_product_1.pdf, id=1748, 706.0779pt x 272.4579pt>
File: ../assets/f05_inner_product_1.pdf Graphic file (type pdf)
<use ../assets/f05_inner_product_1.pdf>
Package pdftex.def Info: ../assets/f05_inner_product_1.pdf  used on input line 
2299.
(pdftex.def)             Requested size: 349.26448pt x 134.77351pt.

LaTeX Warning: `h' float specifier changed to `ht'.



[65

]
Overfull \hbox (26.97359pt too wide) in paragraph at lines 2311--2312
[]\OT1/cmr/m/n/12 The dis-crete sum above is a Rie-mann sum ap-prox-i-ma-tion o
f the in-te-gral $[][] \OML/cmm/m/it/12 f\OT1/cmr/m/n/12 (\OML/cmm/m/it/12 x\OT
1/cmr/m/n/12 )\OML/cmm/m/it/12 g\OT1/cmr/m/n/12 (\OML/cmm/m/it/12 x\OT1/cmr/m/n
/12 ) [] \OML/cmm/m/it/12 x$\OT1/cmr/m/n/12 .
 []

<../assets/f06_inner_product_2.pdf, id=1759, 706.0779pt x 272.4579pt>
File: ../assets/f06_inner_product_2.pdf Graphic file (type pdf)
<use ../assets/f06_inner_product_2.pdf>
Package pdftex.def Info: ../assets/f06_inner_product_2.pdf  used on input line 
2315.
(pdftex.def)             Requested size: 349.26448pt x 134.77351pt.


[66 <../assets/f05_inner_product_1.pdf> <../assets/f06_inner_product_2.pdf>]
<../assets/f07_fourier_projection.pdf, id=1802, 850.6179pt x 236.3229pt>
File: ../assets/f07_fourier_projection.pdf Graphic file (type pdf)
<use ../assets/f07_fourier_projection.pdf>
Package pdftex.def Info: ../assets/f07_fourier_projection.pdf  used on input li
ne 2330.
(pdftex.def)             Requested size: 349.26448pt x 97.03365pt.

Overfull \hbox (7.45883pt too wide) in paragraph at lines 2340--2341
[]\OT1/cmr/m/n/12 In ev-ery case, how-ever, we com-puted con-tin-u-ous integral
s|$[] \OML/cmm/m/it/12 f\OT1/cmr/m/n/12 (\OML/cmm/m/it/12 x\OT1/cmr/m/n/12 )[] 
 [] \OML/cmm/m/it/12 x$\OT1/cmr/m/n/12 |against
 []



[67 <../assets/f07_fourier_projection.pdf>]
Chapter 6.

Overfull \hbox (2.30956pt too wide) in paragraph at lines 2345--2346
\OT1/cmr/m/n/12 The con-tin-u-ous Fourier the-ory de-vel-oped across the pre-ce
d-ing chap-ters rests on infinite-
 []



[68

]
<../assets/f14_dft_matrix.pdf, id=1855, 850.4515pt x 283.21489pt>
File: ../assets/f14_dft_matrix.pdf Graphic file (type pdf)
<use ../assets/f14_dft_matrix.pdf>
Package pdftex.def Info: ../assets/f14_dft_matrix.pdf  used on input line 2399.

(pdftex.def)             Requested size: 371.09476pt x 123.58209pt.


[69 <../assets/f14_dft_matrix.pdf>]

[70]
<../assets/f15_butterfly.pdf, id=1922, 575.21075pt x 370.9394pt>
File: ../assets/f15_butterfly.pdf Graphic file (type pdf)
<use ../assets/f15_butterfly.pdf>
Package pdftex.def Info: ../assets/f15_butterfly.pdf  used on input line 2496.
(pdftex.def)             Requested size: 371.09476pt x 239.3135pt.


[71]
Overfull \hbox (14.03215pt too wide) in paragraph at lines 2511--2512
 []\OT1/cmr/bx/n/12 Programming in-tu-ition.[] \OT1/cmr/m/n/12 The stride per-m
u-ta-tion is \OT1/cmtt/m/n/12 x.reshape(N2, N1).T.ravel()\OT1/cmr/m/n/12 :
 []


Overfull \hbox (37.63177pt too wide) in paragraph at lines 2514--2515
[]\OT1/cmr/m/n/12 With $\OML/cmm/m/it/12 N[] \OT1/cmr/m/n/12 = 2$, $\OML/cmm/m/
it/12 N[] \OT1/cmr/m/n/12 = 3$, the per-mu-ta-tion $\OML/cmm/m/it/12 L[]$ \OT1/
cmr/m/n/12 maps $(0\OML/cmm/m/it/12 ; \OT1/cmr/m/n/12 1\OML/cmm/m/it/12 ; \OT1/
cmr/m/n/12 2\OML/cmm/m/it/12 ; \OT1/cmr/m/n/12 3\OML/cmm/m/it/12 ; \OT1/cmr/m/n
/12 4\OML/cmm/m/it/12 ; \OT1/cmr/m/n/12 5) \OMS/cmsy/m/n/12 7! \OT1/cmr/m/n/12 
(0\OML/cmm/m/it/12 ; \OT1/cmr/m/n/12 3\OML/cmm/m/it/12 ; \OT1/cmr/m/n/12 1\OML/
cmm/m/it/12 ; \OT1/cmr/m/n/12 4\OML/cmm/m/it/12 ; \OT1/cmr/m/n/12 2\OML/cmm/m/i
t/12 ; \OT1/cmr/m/n/12 5)$|interleaving
 []



[72 <../assets/f15_butterfly.pdf>]

[73]

Package hyperref Warning: Token not allowed in a PDF string (Unicode):
(hyperref)                removing `math shift' on input line 2556.


Package hyperref Warning: Token not allowed in a PDF string (Unicode):
(hyperref)                removing `\times' on input line 2556.


Package hyperref Warning: Token not allowed in a PDF string (Unicode):
(hyperref)                removing `\times' on input line 2556.


Package hyperref Warning: Token not allowed in a PDF string (Unicode):
(hyperref)                removing `math shift' on input line 2556.



[74]

[75]

[76]
<../assets/f16_bluestein.pdf, id=2022, 706.0779pt x 272.4579pt>
File: ../assets/f16_bluestein.pdf Graphic file (type pdf)
<use ../assets/f16_bluestein.pdf>
Package pdftex.def Info: ../assets/f16_bluestein.pdf  used on input line 2669.
(pdftex.def)             Requested size: 371.09476pt x 143.19635pt.


[77 <../assets/f16_bluestein.pdf>]
Overfull \hbox (5.28333pt too wide) in paragraph at lines 2705--2706
 []\OT1/cmr/bx/n/12 Diagonalization per-spec-tive.[] \OT1/cmr/m/n/12 The DCT ma
-trix $\OML/cmm/m/it/12 C[]$ \OT1/cmr/m/n/12 di-ag-o-nal-izes the dis-crete Lap
la-
 []



[78]

[79]
Overfull \hbox (2.41411pt too wide) in paragraph at lines 2764--2765
 []\OT1/cmr/bx/n/12 The Chebyshev--Legendre con-nec-tion ma-trix.[] \OT1/cmr/m/
n/12 Since $\OML/cmm/m/it/12 T[] \OT1/cmr/m/n/12 = [][] \OML/cmm/m/it/12 M[]P[]
$ \OT1/cmr/m/n/12 (an upper-
 []


Overfull \hbox (11.59375pt too wide) in paragraph at lines 2779--2779
[]\OT1/cmr/bx/n/14.4 Diagonalization Per-mu-ta-tions: Chang-ing Be-tween Eigen-

 []



[80]

[81]
Chapter 7.

Overfull \hbox (67.97522pt too wide) in paragraph at lines 2829--2830
\OT1/cmr/m/n/12 Schmidt on any com-ple-men-tary vec-tors). Let $\OML/cmm/m/it/1
2 U \OT1/cmr/m/n/12 = [\OML/cmm/m/it/12 u[] \OMS/cmsy/m/n/12 j [] j \OML/cmm/m/
it/12 u[]\OT1/cmr/m/n/12 ]$ and $^^F = [](\OML/cmm/m/it/12 ^^[[]; [] ; ^^[[]; \
OT1/cmr/m/n/12 0\OML/cmm/m/it/12 ; [] ; \OT1/cmr/m/n/12 0) \OMS/cmsy/m/n/12 2
 []



[82

]
<../assets/f22_svd_ellipsoid.pdf, id=2137, 665.54256pt x 308.5929pt>
File: ../assets/f22_svd_ellipsoid.pdf Graphic file (type pdf)
<use ../assets/f22_svd_ellipsoid.pdf>
Package pdftex.def Info: ../assets/f22_svd_ellipsoid.pdf  used on input line 28
52.
(pdftex.def)             Requested size: 371.09476pt x 172.06685pt.


[83]

[84 <../assets/f22_svd_ellipsoid.pdf>]
<../assets/f23_pca_ellipse.pdf, id=2193, 665.19666pt x 308.5929pt>
File: ../assets/f23_pca_ellipse.pdf Graphic file (type pdf)
<use ../assets/f23_pca_ellipse.pdf>
Package pdftex.def Info: ../assets/f23_pca_ellipse.pdf  used on input line 2910
.
(pdftex.def)             Requested size: 371.09476pt x 172.15631pt.


[85]

[86 <../assets/f23_pca_ellipse.pdf>]
Overfull \hbox (14.54765pt too wide) in paragraph at lines 2952--2953
\OT1/cmr/m/n/12 tions $\OMS/cmsy/m/n/12 f\OML/cmm/m/it/12 ^^^[]\OMS/cmsy/m/n/12
 g$ \OT1/cmr/m/n/12 of the co-vari-ance ker-nel min-i-mize the trun-ca-tion er-
ror $\U/msb/m/n/12 E\OMS/cmsy/m/n/12 k\OML/cmm/m/it/12 X \OMS/cmsy/m/n/12 ^^@ [
][]h\OML/cmm/m/it/12 X;  []\OMS/cmsy/m/n/12 i\OML/cmm/m/it/12  []\OMS/cmsy/m/n/
12 k[]$
 []



[87]
Overfull \hbox (10.4737pt too wide) in paragraph at lines 2971--2972
 []\OT1/cmr/bx/n/12 DFT-based com-pres-sion.[] \OT1/cmr/m/n/12 Ap-ply the 2-D D
FT glob-ally, re-tain the largest-magnitude
 []



[88]
Chapter 8.
<../assets/f17_convolution_theorem.pdf, id=2279, 706.0779pt x 491.07465pt>
File: ../assets/f17_convolution_theorem.pdf Graphic file (type pdf)
<use ../assets/f17_convolution_theorem.pdf>
Package pdftex.def Info: ../assets/f17_convolution_theorem.pdf  used on input l
ine 3029.
(pdftex.def)             Requested size: 349.26448pt x 242.9141pt.


[89

]

[90 <../assets/f17_convolution_theorem.pdf>]
<../assets/f18_epicycle_annotated.pdf, id=2340, 441.55525pt x 411.31235pt>
File: ../assets/f18_epicycle_annotated.pdf Graphic file (type pdf)
<use ../assets/f18_epicycle_annotated.pdf>
Package pdftex.def Info: ../assets/f18_epicycle_annotated.pdf  used on input li
ne 3065.
(pdftex.def)             Requested size: 349.26448pt x 325.35368pt.
<../assets/f19_epicycle_convergence.pdf, id=2341, 490.26472pt x 561.89923pt>
File: ../assets/f19_epicycle_convergence.pdf Graphic file (type pdf)
<use ../assets/f19_epicycle_convergence.pdf>
Package pdftex.def Info: ../assets/f19_epicycle_convergence.pdf  used on input 
line 3072.
(pdftex.def)             Requested size: 349.26448pt x 400.30592pt.


[91]

[92 <../assets/f18_epicycle_annotated.pdf>]

[93 <../assets/f19_epicycle_convergence.pdf>]

[94] (./fourier_paper.bbl

[95]

[96

]

[97])

[98]
Appendix A.


[99

]
Appendix B.

Overfull \hbox (7.75879pt too wide) in paragraph at lines 3157--3157
[]\OT1/cmr/bx/n/17.28 Morphological Op-er-a-tions and Con-tour Ex-trac-
 []



[100

]

[101]

[102]
<../assets/f20_contour_pipeline.pdf, id=2488, 626.55191pt x 703.54843pt>
File: ../assets/f20_contour_pipeline.pdf Graphic file (type pdf)
<use ../assets/f20_contour_pipeline.pdf>
Package pdftex.def Info: ../assets/f20_contour_pipeline.pdf  used on input line
 3222.
(pdftex.def)             Requested size: 349.26448pt x 392.19164pt.
<../assets/f21_epicycle_portraits.pdf, id=2489, 1030.17465pt x 425.20596pt>
File: ../assets/f21_epicycle_portraits.pdf Graphic file (type pdf)
<use ../assets/f21_epicycle_portraits.pdf>
Package pdftex.def Info: ../assets/f21_epicycle_portraits.pdf  used on input li
ne 3229.
(pdftex.def)             Requested size: 436.57895pt x 180.20082pt.


[103 <../assets/f20_contour_pipeline.pdf>]

[104 <../assets/f21_epicycle_portraits.pdf>]
Appendix C.
Package hyperref Info: bookmark level for unknown lstlisting defaults to 0 on i
nput line 3255.
LaTeX Font Info:    Font shape `OT1/cmtt/bx/n' in size <10.95> not available
(Font)              Font shape `OT1/cmtt/m/n' tried instead on input line 3256.



[105

]

[106]

[107]

[108]

[109] (./fourier_paper.aux)
 ***********
LaTeX2e <2024-11-01> patch level 2
L3 programming layer <2025-01-18>
 ***********
Package rerunfilecheck Info: File `fourier_paper.out' has not changed.
(rerunfilecheck)             Checksum: 8891C0F60F1E6295B57BB934DAAC085A;21683.
 ) 
Here is how much of TeX's memory you used:
 34913 strings out of 473190
 795033 string characters out of 5704335
 1605494 words of memory out of 5000000
 56671 multiletter control sequences out of 15000+600000
 574518 words of font info for 93 fonts, out of 8000000 for 9000
 1141 hyphenation exceptions out of 8191
 99i,18n,105p,1034b,2141s stack positions out of 10000i,1000n,20000p,200000b,200000s
</opt/homebrew/Cellar/texlive/20250308_1/share/texmf-dist/fonts/type1/public/
amsfonts/cm/cmbsy10.pfb></opt/homebrew/Cellar/texlive/20250308_1/share/texmf-di
st/fonts/type1/public/amsfonts/cm/cmbx10.pfb></opt/homebrew/Cellar/texlive/2025
0308_1/share/texmf-dist/fonts/type1/public/amsfonts/cm/cmbx12.pfb></opt/homebre
w/Cellar/texlive/20250308_1/share/texmf-dist/fonts/type1/public/amsfonts/cm/cmb
x8.pfb></opt/homebrew/Cellar/texlive/20250308_1/share/texmf-dist/fonts/type1/pu
blic/amsfonts/cm/cmex10.pfb></opt/homebrew/Cellar/texlive/20250308_1/share/texm
f-dist/fonts/type1/public/amsfonts/cmextra/cmex8.pfb></opt/homebrew/Cellar/texl
ive/20250308_1/share/texmf-dist/fonts/type1/public/amsfonts/cm/cmitt10.pfb></op
t/homebrew/Cellar/texlive/20250308_1/share/texmf-dist/fonts/type1/public/amsfon
ts/cm/cmmi10.pfb></opt/homebrew/Cellar/texlive/20250308_1/share/texmf-dist/font
s/type1/public/amsfonts/cm/cmmi12.pfb></opt/homebrew/Cellar/texlive/20250308_1/
share/texmf-dist/fonts/type1/public/amsfonts/cm/cmmi5.pfb></opt/homebrew/Cellar
/texlive/20250308_1/share/texmf-dist/fonts/type1/public/amsfonts/cm/cmmi6.pfb><
/opt/homebrew/Cellar/texlive/20250308_1/share/texmf-dist/fonts/type1/public/ams
fonts/cm/cmmi7.pfb></opt/homebrew/Cellar/texlive/20250308_1/share/texmf-dist/fo
nts/type1/public/amsfonts/cm/cmmi8.pfb></opt/homebrew/Cellar/texlive/20250308_1
/share/texmf-dist/fonts/type1/public/amsfonts/cm/cmmi9.pfb></opt/homebrew/Cella
r/texlive/20250308_1/share/texmf-dist/fonts/type1/public/amsfonts/cm/cmmib10.pf
b></opt/homebrew/Cellar/texlive/20250308_1/share/texmf-dist/fonts/type1/public/
amsfonts/cmextra/cmmib8.pfb></opt/homebrew/Cellar/texlive/20250308_1/share/texm
f-dist/fonts/type1/public/amsfonts/cm/cmr10.pfb></opt/homebrew/Cellar/texlive/2
0250308_1/share/texmf-dist/fonts/type1/public/amsfonts/cm/cmr12.pfb></opt/homeb
rew/Cellar/texlive/20250308_1/share/texmf-dist/fonts/type1/public/amsfonts/cm/c
mr17.pfb></opt/homebrew/Cellar/texlive/20250308_1/share/texmf-dist/fonts/type1/
public/amsfonts/cm/cmr5.pfb></opt/homebrew/Cellar/texlive/20250308_1/share/texm
f-dist/fonts/type1/public/amsfonts/cm/cmr6.pfb></opt/homebrew/Cellar/texlive/20
250308_1/share/texmf-dist/fonts/type1/public/amsfonts/cm/cmr7.pfb></opt/homebre
w/Cellar/texlive/20250308_1/share/texmf-dist/fonts/type1/public/amsfonts/cm/cmr
8.pfb></opt/homebrew/Cellar/texlive/20250308_1/share/texmf-dist/fonts/type1/pub
lic/amsfonts/cm/cmr9.pfb></opt/homebrew/Cellar/texlive/20250308_1/share/texmf-d
ist/fonts/type1/public/amsfonts/cm/cmsy10.pfb></opt/homebrew/Cellar/texlive/202
50308_1/share/texmf-dist/fonts/type1/public/amsfonts/cm/cmsy6.pfb></opt/homebre
w/Cellar/texlive/20250308_1/share/texmf-dist/fonts/type1/public/amsfonts/cm/cms
y7.pfb></opt/homebrew/Cellar/texlive/20250308_1/share/texmf-dist/fonts/type1/pu
blic/amsfonts/cm/cmsy8.pfb></opt/homebrew/Cellar/texlive/20250308_1/share/texmf
-dist/fonts/type1/public/amsfonts/cm/cmsy9.pfb></opt/homebrew/Cellar/texlive/20
250308_1/share/texmf-dist/fonts/type1/public/amsfonts/cm/cmti12.pfb></opt/homeb
rew/Cellar/texlive/20250308_1/share/texmf-dist/fonts/type1/public/amsfonts/cm/c
mtt10.pfb></opt/homebrew/Cellar/texlive/20250308_1/share/texmf-dist/fonts/type1
/public/amsfonts/cm/cmtt12.pfb></opt/homebrew/Cellar/texlive/20250308_1/share/t
exmf-dist/fonts/type1/public/amsfonts/symbols/msam10.pfb></opt/homebrew/Cellar/
texlive/20250308_1/share/texmf-dist/fonts/type1/public/amsfonts/symbols/msbm10.
pfb></opt/homebrew/Cellar/texlive/20250308_1/share/texmf-dist/fonts/type1/publi
c/cm-super/sfrm1200.pfb>
Output written on fourier_paper.pdf (110 pages, 5616343 bytes).
PDF statistics:
 3015 PDF objects out of 3580 (max. 8388607)
 2723 compressed objects within 28 object streams
 971 named destinations out of 1000 (max. 500000)
 887 words of extra memory for PDF output out of 10000 (max. 10000000)

